0 info it worked if it ends with ok
1 verbose cli [ 'C:\\Program Files\\nodejs\\node.exe',
1 verbose cli   'C:\\Users\\Mr Kayode\\Projects\\smedanCGS\\node_modules\\npm\\bin\\npm-cli.js',
1 verbose cli   'run-script',
1 verbose cli   'serve' ]
2 info using npm@2.15.12
3 info using node@v11.9.0
4 warn invalid config loglevel="notice"
5 verbose run-script [ 'preserve', 'serve', 'postserve' ]
6 info preserve com.phonegap.helloworld@1.0.0
7 info serve com.phonegap.helloworld@1.0.0
8 verbose unsafe-perm in lifecycle true
9 info com.phonegap.helloworld@1.0.0 Failed to exec serve script
10 verbose stack Error: com.phonegap.helloworld@1.0.0 serve: `phonegap serve --port 3000`
10 verbose stack Exit status 1
10 verbose stack     at EventEmitter.<anonymous> (C:\Users\Mr Kayode\Projects\smedanCGS\node_modules\npm\lib\utils\lifecycle.js:217:16)
10 verbose stack     at EventEmitter.emit (events.js:197:13)
10 verbose stack     at ChildProcess.<anonymous> (C:\Users\Mr Kayode\Projects\smedanCGS\node_modules\npm\lib\utils\spawn.js:24:14)
10 verbose stack     at ChildProcess.emit (events.js:197:13)
10 verbose stack     at maybeClose (internal/child_process.js:978:16)
10 verbose stack     at Process.ChildProcess._handle.onexit (internal/child_process.js:265:5)
11 verbose pkgid com.phonegap.helloworld@1.0.0
12 verbose cwd C:\Users\Mr Kayode\Projects\smedanCGS
13 error Windows_NT 10.0.10240
14 error argv "C:\\Program Files\\nodejs\\node.exe" "C:\\Users\\Mr Kayode\\Projects\\smedanCGS\\node_modules\\npm\\bin\\npm-cli.js" "run-script" "serve"
15 error node v11.9.0
16 error npm  v2.15.12
17 error code ELIFECYCLE
18 error com.phonegap.helloworld@1.0.0 serve: `phonegap serve --port 3000`
18 error Exit status 1
19 error Failed at the com.phonegap.helloworld@1.0.0 serve script 'phonegap serve --port 3000'.
19 error This is most likely a problem with the com.phonegap.helloworld package,
19 error not with npm itself.
19 error Tell the author that this fails on your system:
19 error     phonegap serve --port 3000
19 error You can get information on how to open an issue for this project with:
19 error     npm bugs com.phonegap.helloworld
19 error Or if that isn't available, you can get their info via:
19 error
19 error     npm owner ls com.phonegap.helloworld
19 error There is likely additional logging output above.
20 verbose exit [ 1, true ]
